
VCFtools - 0.1.16
(C) Adam Auton and Anthony Marcketta 2009

Parameters as interpreted:
	--vcf Control.BCF.vcf
	--recode-INFO-all
	--max-meanDP 200
	--min-meanDP 5
	--minQ 20
	--out Control.BCF
	--recode
	--remove-indels

Warning: Expected at least 2 parts in INFO entry: ID=SGB,Number=1,Type=Float,Description="Segregation based metric, http://samtools.github.io/bcftools/rd-SegBias.pdf">
Warning: Expected at least 2 parts in INFO entry: ID=PV4,Number=4,Type=Float,Description="P-values for strand bias, baseQ bias, mapQ bias and tail distance bias">
Warning: Expected at least 2 parts in INFO entry: ID=PV4,Number=4,Type=Float,Description="P-values for strand bias, baseQ bias, mapQ bias and tail distance bias">
Warning: Expected at least 2 parts in INFO entry: ID=DP4,Number=4,Type=Integer,Description="Number of high-quality ref-forward , ref-reverse, alt-forward and alt-reverse bases">
Warning: Expected at least 2 parts in INFO entry: ID=DP4,Number=4,Type=Integer,Description="Number of high-quality ref-forward , ref-reverse, alt-forward and alt-reverse bases">
After filtering, kept 1 out of 1 Individuals
Outputting VCF file...
After filtering, kept 35755 out of a possible 204193 Sites
Run Time = 0.00 seconds
